<?xml version="1.0" encoding="UTF-8"?>
<testsuite xmlns:xsi="http://www.w3.org/2001/XMLSchema-instance" xsi:noNamespaceSchemaLocation="https://maven.apache.org/surefire/maven-surefire-plugin/xsd/surefire-test-report.xsd" name="org.sinedmv.Cats.Controller.CatControllerTests" time="18.224" tests="8" errors="0" skipped="0" failures="0">
  <properties>
[...]
</properties>
  <testcase name="getCatsByColor_incorrect" classname="org.sinedmv.Cats.Controller.CatControllerTests" time="1.869"/>
  <testcase name="getById_incorrect" classname="org.sinedmv.Cats.Controller.CatControllerTests" time="0.138"/>
  <testcase name="getCatsByBreed_correct" classname="org.sinedmv.Cats.Controller.CatControllerTests" time="0.27"/>
  <testcase name="addCat_incorrect" classname="org.sinedmv.Cats.Controller.CatControllerTests" time="0.12"/>
  <testcase name="getById_correct" classname="org.sinedmv.Cats.Controller.CatControllerTests" time="0.142"/>
  <testcase name="addCat_correct_withoutToken" classname="org.sinedmv.Cats.Controller.CatControllerTests" time="0.009"/>
  <testcase name="addCat_correct" classname="org.sinedmv.Cats.Controller.CatControllerTests" time="0.12"/>
  <testcase name="getCatsByColor_correct" classname="org.sinedmv.Cats.Controller.CatControllerTests" time="0.12"/>
</testsuite>